<?xml version="1.0" encoding="UTF-8"?>
<!-- Generated by org.testng.reporters.JUnitReportReporter -->
<testsuite hostname="MI" failures="0" tests="3" name="LoginTest" time="13.473" errors="0" timestamp="2025-03-22T11:50:49 IST" skipped="0">
  <testcase classname="LoginTest" name="loginTest" time="3.640"/>
  <testcase classname="LoginTest" name="loginTest" time="4.677"/>
  <testcase classname="LoginTest" name="loginTest" time="5.156"/>
</testsuite> <!-- LoginTest -->
