<?xml version="1.0" encoding="UTF-8"?>
<!-- Generated by org.testng.reporters.JUnitReportReporter -->
<testsuite hostname="MI" failures="0" tests="1" name="AmazonSearchTest" time="8.463" errors="0" timestamp="2025-03-22T10:51:33 IST" skipped="0">
  <testcase classname="AmazonSearchTest" name="testAmazonSearch" time="8.463"/>
</testsuite> <!-- AmazonSearchTest -->
