<?xml version="1.0" encoding="UTF-8"?>
<!-- Generated by org.testng.reporters.JUnitReportReporter -->
<testsuite hostname="MI" failures="0" tests="1" name="NewLoginTest" time="0.711" errors="0" timestamp="2025-03-26T12:09:44 IST" skipped="0">
  <testcase classname="NewLoginTest" name="test1" time="0.711"/>
</testsuite> <!-- NewLoginTest -->
