<?xml version="1.0" encoding="UTF-8"?>
<!-- Generated by org.testng.reporters.JUnitReportReporter -->
<testsuite hostname="MI" failures="0" tests="1" name="LoginTest" time="1.687" errors="0" timestamp="2025-03-22T09:03:42 IST" skipped="0">
  <testcase classname="LoginTest" name="openGoogle" time="1.687"/>
</testsuite> <!-- LoginTest -->
